[    0.000000] Initializing cgroup subsys cpuset
[    0.000000] Initializing cgroup subsys cpu
[    0.000000] Initializing cgroup subsys cpuacct
[    0.000000] Linux version 4.4.0-184-generic (buildd@lgw01-amd64-060) (gcc version 5.4.0 20160609 (Ubuntu 5.4.0-6ubuntu1~16.04.12) ) #214-Ubuntu SMP Thu Jun 4 10:14:11 UTC 2020 (Ubuntu 4.4.0-184.214-generic 4.4.223)
[    0.000000] Command line: BOOT_IMAGE=/boot/vmlinuz-4.4.0-184-generic root=LABEL=cloudimg-rootfs ro console=tty1 console=ttyS0
[    0.000000] KERNEL supported cpus:
[    0.000000]   Intel GenuineIntel
[    0.000000]   AMD AuthenticAMD
[    0.000000]   Centaur CentaurHauls
[    0.000000] x86/fpu: xstate_offset[2]:  576, xstate_sizes[2]:  256
[    0.000000] x86/fpu: Supporting XSAVE feature 0x01: 'x87 floating point registers'
[    0.000000] x86/fpu: Supporting XSAVE feature 0x02: 'SSE registers'
[    0.000000] x86/fpu: Supporting XSAVE feature 0x04: 'AVX registers'
[    0.000000] x86/fpu: Enabled xstate features 0x7, context size is 832 bytes, using 'standard' format.
[    0.000000] e820: BIOS-provided physical RAM map:
[    0.000000] BIOS-e820: [mem 0x0000000000000000-0x000000000009fbff] usable
[    0.000000] BIOS-e820: [mem 0x000000000009fc00-0x000000000009ffff] reserved
[    0.000000] BIOS-e820: [mem 0x00000000000f0000-0x00000000000fffff] reserved
[    0.000000] BIOS-e820: [mem 0x0000000000100000-0x000000003ffeffff] usable
[    0.000000] BIOS-e820: [mem 0x000000003fff0000-0x000000003fffffff] ACPI data
[    0.000000] BIOS-e820: [mem 0x00000000fec00000-0x00000000fec00fff] reserved
[    0.000000] BIOS-e820: [mem 0x00000000fee00000-0x00000000fee00fff] reserved
[    0.000000] BIOS-e820: [mem 0x00000000fffc0000-0x00000000ffffffff] reserved
[    0.000000] NX (Execute Disable) protection: active
[    0.000000] SMBIOS 2.5 present.
[    0.000000] Hypervisor detected: KVM
[    0.000000] e820: last_pfn = 0x3fff0 max_arch_pfn = 0x400000000
[    0.000000] MTRR: Disabled
[    0.000000] x86/PAT: MTRRs disabled, skipping PAT initialization too.
[    0.000000] CPU MTRRs all blank - virtualized system.
[    0.000000] x86/PAT: Configuration [0-7]: WB  WT  UC- UC  WB  WT  UC- UC  
[    0.000000] found SMP MP-table at [mem 0x0009fff0-0x0009ffff] mapped at [ffff88000009fff0]
[    0.000000] Scanning 1 areas for low memory corruption
[    0.000000] RAMDISK: [mem 0x362de000-0x37166fff]
[    0.000000] ACPI: Early table checksum verification disabled
[    0.000000] ACPI: RSDP 0x00000000000E0000 000024 (v02 VBOX  )
[    0.000000] ACPI: XSDT 0x000000003FFF0030 00003C (v01 VBOX   VBOXXSDT 00000001 ASL  00000061)
[    0.000000] ACPI: FACP 0x000000003FFF00F0 0000F4 (v04 VBOX   VBOXFACP 00000001 ASL  00000061)
[    0.000000] ACPI: DSDT 0x000000003FFF0470 002325 (v02 VBOX   VBOXBIOS 00000002 INTL 20100528)
[    0.000000] ACPI: FACS 0x000000003FFF0200 000040
[    0.000000] ACPI: FACS 0x000000003FFF0200 000040
[    0.000000] ACPI: APIC 0x000000003FFF0240 00005C (v02 VBOX   VBOXAPIC 00000001 ASL  00000061)
[    0.000000] ACPI: SSDT 0x000000003FFF02A0 0001CC (v01 VBOX   VBOXCPUT 00000002 INTL 20100528)
[    0.000000] No NUMA configuration found
[    0.000000] Faking a node at [mem 0x0000000000000000-0x000000003ffeffff]
[    0.000000] NODE_DATA(0) allocated [mem 0x3ffeb000-0x3ffeffff]
[    0.000000] kvm-clock: Using msrs 4b564d01 and 4b564d00
[    0.000000] kvm-clock: cpu 0, msr 0:3ffe3001, primary cpu clock
[    0.000000] kvm-clock: using sched offset of 3601220553 cycles
[    0.000000] clocksource: kvm-clock: mask: 0xffffffffffffffff max_cycles: 0x1cd42e4dffb, max_idle_ns: 881590591483 ns
[    0.000000] Zone ranges:
[    0.000000]   DMA      [mem 0x0000000000001000-0x0000000000ffffff]
[    0.000000]   DMA32    [mem 0x0000000001000000-0x000000003ffeffff]
[    0.000000]   Normal   empty
[    0.000000]   Device   empty
[    0.000000] Movable zone start for each node
[    0.000000] Early memory node ranges
[    0.000000]   node   0: [mem 0x0000000000001000-0x000000000009efff]
[    0.000000]   node   0: [mem 0x0000000000100000-0x000000003ffeffff]
[    0.000000] Initmem setup node 0 [mem 0x0000000000001000-0x000000003ffeffff]
[    0.000000] ACPI: PM-Timer IO Port: 0x4008
[    0.000000] IOAPIC[0]: apic_id 2, version 32, address 0xfec00000, GSI 0-23
[    0.000000] ACPI: INT_SRC_OVR (bus 0 bus_irq 0 global_irq 2 dfl dfl)
[    0.000000] ACPI: INT_SRC_OVR (bus 0 bus_irq 9 global_irq 9 low level)
[    0.000000] Using ACPI (MADT) for SMP configuration information
[    0.000000] smpboot: Allowing 2 CPUs, 0 hotplug CPUs
[    0.000000] PM: Registered nosave memory: [mem 0x00000000-0x00000fff]
[    0.000000] PM: Registered nosave memory: [mem 0x0009f000-0x0009ffff]
[    0.000000] PM: Registered nosave memory: [mem 0x000a0000-0x000effff]
[    0.000000] PM: Registered nosave memory: [mem 0x000f0000-0x000fffff]
[    0.000000] e820: [mem 0x40000000-0xfebfffff] available for PCI devices
[    0.000000] Booting paravirtualized kernel on KVM
[    0.000000] clocksource: refined-jiffies: mask: 0xffffffff max_cycles: 0xffffffff, max_idle_ns: 7645519600211568 ns
[    0.000000] setup_percpu: NR_CPUS:512 nr_cpumask_bits:512 nr_cpu_ids:2 nr_node_ids:1
[    0.000000] PERCPU: Embedded 33 pages/cpu @ffff88003fc00000 s95448 r8192 d31528 u1048576
[    0.000000] Built 1 zonelists in Node order, mobility grouping on.  Total pages: 257912
[    0.000000] Policy zone: DMA32
[    0.000000] Kernel command line: BOOT_IMAGE=/boot/vmlinuz-4.4.0-184-generic root=LABEL=cloudimg-rootfs ro console=tty1 console=ttyS0
[    0.000000] PID hash table entries: 4096 (order: 3, 32768 bytes)
[    0.000000] Memory: 997664K/1048120K available (8632K kernel code, 1336K rwdata, 4036K rodata, 1492K init, 1292K bss, 50456K reserved, 0K cma-reserved)
[    0.000000] SLUB: HWalign=64, Order=0-3, MinObjects=0, CPUs=2, Nodes=1
[    0.000000] Kernel/User page tables isolation: enabled
[    0.000000] Hierarchical RCU implementation.
[    0.000000] 	Build-time adjustment of leaf fanout to 64.
[    0.000000] 	RCU restricting CPUs from NR_CPUS=512 to nr_cpu_ids=2.
[    0.000000] RCU: Adjusting geometry for rcu_fanout_leaf=64, nr_cpu_ids=2
[    0.000000] NR_IRQS:33024 nr_irqs:440 16
[    0.000000] Console: colour VGA+ 80x25
[    0.000000] console [tty1] enabled
[    0.000000] console [ttyS0] enabled
[    0.000000] tsc: Detected 2592.000 MHz processor
[    0.128801] Calibrating delay loop (skipped) preset value.. 5184.00 BogoMIPS (lpj=10368000)
[    0.130376] pid_max: default: 32768 minimum: 301
[    0.131234] ACPI: Core revision 20150930
[    0.132733] ACPI: 2 ACPI AML tables successfully acquired and loaded
[    0.133973] Security Framework initialized
[    0.134842] Yama: becoming mindful.
[    0.135531] AppArmor: AppArmor initialized
[    0.136374] Dentry cache hash table entries: 131072 (order: 8, 1048576 bytes)
[    0.138702] Inode-cache hash table entries: 65536 (order: 7, 524288 bytes)
[    0.139927] Mount-cache hash table entries: 2048 (order: 2, 16384 bytes)
[    0.141113] Mountpoint-cache hash table entries: 2048 (order: 2, 16384 bytes)
[    0.142417] Initializing cgroup subsys io
[    0.143180] Initializing cgroup subsys memory
[    0.144099] Initializing cgroup subsys devices
[    0.145176] Initializing cgroup subsys freezer
[    0.146003] Initializing cgroup subsys net_cls
[    0.146829] Initializing cgroup subsys perf_event
[    0.148016] Initializing cgroup subsys net_prio
[    0.148885] Initializing cgroup subsys hugetlb
[    0.149714] Initializing cgroup subsys pids
[    0.151936] mce: CPU supports 0 MCE banks
[    0.152742] Last level iTLB entries: 4KB 64, 2MB 8, 4MB 8
[    0.153695] Last level dTLB entries: 4KB 64, 2MB 0, 4MB 0, 1GB 4
[    0.154786] Spectre V1 : Mitigation: usercopy/swapgs barriers and __user pointer sanitization
[    0.156334] Spectre V2 : Mitigation: Full generic retpoline
[    0.157342] Spectre V2 : Spectre v2 / SpectreRSB mitigation: Filling RSB on context switch
[    0.158867] Speculative Store Bypass: Vulnerable
[    0.159753] SRBDS: Unknown: Dependent on hypervisor status
[    0.160900] MDS: Mitigation: Clear CPU buffers
[    0.163763] Freeing SMP alternatives memory: 36K
[    0.169356] ftrace: allocating 32319 entries in 127 pages
[    0.217187] smpboot: APIC(0) Converting physical 0 to logical package 0
[    0.218911] smpboot: Max logical packages: 1
[    0.219947] x2apic enabled
[    0.220671] Switched APIC routing to physical x2apic.
[    0.222482] ..TIMER: vector=0x30 apic1=0 pin1=2 apic2=-1 pin2=-1
[    0.331617] smpboot: CPU0: Intel(R) Core(TM) i7-9750H CPU @ 2.60GHz (family: 0x6, model: 0x9e, stepping: 0xa)
[    0.334256] Performance Events: unsupported p6 CPU model 158 no PMU driver, software events only.
[    0.344435] KVM setup paravirtual spinlock
[    0.346302] x86: Booting SMP configuration:
[    0.347220] .... node  #0, CPUs:      #1
[    0.348176] kvm-clock: cpu 1, msr 0:3ffe3041, secondary cpu clock
[    0.350025] mce: CPU supports 0 MCE banks
[    0.352574] x86: Booted up 1 node, 2 CPUs
[    0.353483] smpboot: Total of 2 processors activated (10368.00 BogoMIPS)
[    0.354954] devtmpfs: initialized
[    0.357076] evm: security.selinux
[    0.357769] evm: security.SMACK64
[    0.358701] evm: security.SMACK64EXEC
[    0.359407] evm: security.SMACK64TRANSMUTE
[    0.360199] evm: security.SMACK64MMAP
[    0.360908] evm: security.ima
[    0.361605] evm: security.capability
[    0.362562] clocksource: jiffies: mask: 0xffffffff max_cycles: 0xffffffff, max_idle_ns: 7645041785100000 ns
[    0.364344] futex hash table entries: 512 (order: 3, 32768 bytes)
[    0.365610] pinctrl core: initialized pinctrl subsystem
[    0.366645] RTC time:  5:54:38, date: 06/22/20
[    0.367585] NET: Registered protocol family 16
[    0.380611] cpuidle: using governor ladder
[    0.392842] cpuidle: using governor menu
[    0.395024] PCCT header not found.
[    0.396513] ACPI: bus type PCI registered
[    0.397925] acpiphp: ACPI Hot Plug PCI Controller Driver version: 0.5
[    0.399586] PCI: Using configuration type 1 for base access
[    0.413839] ACPI: Added _OSI(Module Device)
[    0.415531] ACPI: Added _OSI(Processor Device)
[    0.416789] ACPI: Added _OSI(3.0 _SCP Extensions)
[    0.417995] ACPI: Added _OSI(Processor Aggregator Device)
[    0.420238] ACPI: Executed 1 blocks of module-level executable AML code
[    0.423763] ACPI: Interpreter enabled
[    0.424652] ACPI: (supports S0 S5)
[    0.425499] ACPI: Using IOAPIC for interrupt routing
[    0.426735] PCI: Using host bridge windows from ACPI; if necessary, use "pci=nocrs" and report a bug
[    0.432884] ACPI: PCI Root Bridge [PCI0] (domain 0000 [bus 00-ff])
[    0.434284] acpi PNP0A03:00: _OSC: OS supports [ASPM ClockPM Segments MSI]
[    0.436283] acpi PNP0A03:00: _OSC: not requesting OS control; OS requires [ExtendedConfig ASPM ClockPM MSI]
[    0.438520] acpi PNP0A03:00: fail to add MMCONFIG information, can't access extended PCI configuration space under this bridge.
[    0.441288] PCI host bridge to bus 0000:00
[    0.442194] pci_bus 0000:00: root bus resource [io  0x0000-0x0cf7 window]
[    0.444023] pci_bus 0000:00: root bus resource [io  0x0d00-0xffff window]
[    0.445793] pci_bus 0000:00: root bus resource [mem 0x000a0000-0x000bffff window]
[    0.447267] pci_bus 0000:00: root bus resource [mem 0x40000000-0xfdffffff window]
[    0.449119] pci_bus 0000:00: root bus resource [bus 00-ff]
[    0.452037] pci 0000:00:01.1: legacy IDE quirk: reg 0x10: [io  0x01f0-0x01f7]
[    0.453260] pci 0000:00:01.1: legacy IDE quirk: reg 0x14: [io  0x03f6]
[    0.454380] pci 0000:00:01.1: legacy IDE quirk: reg 0x18: [io  0x0170-0x0177]
[    0.462577] pci 0000:00:01.1: legacy IDE quirk: reg 0x1c: [io  0x0376]
[    0.473509] pci 0000:00:07.0: quirk: [io  0x4000-0x403f] claimed by PIIX4 ACPI
[    0.475310] pci 0000:00:07.0: quirk: [io  0x4100-0x410f] claimed by PIIX4 SMB
[    0.480076] ACPI: PCI Interrupt Link [LNKA] (IRQs 5 9 10 *11)
[    0.481553] ACPI: PCI Interrupt Link [LNKB] (IRQs 5 9 *10 11)
[    0.482901] ACPI: PCI Interrupt Link [LNKC] (IRQs 5 *9 10 11)
[    0.484264] ACPI: PCI Interrupt Link [LNKD] (IRQs 5 9 10 *11)
[    0.485674] ACPI: Enabled 2 GPEs in block 00 to 07
[    0.486899] vgaarb: setting as boot device: PCI:0000:00:02.0
[    0.488279] vgaarb: device added: PCI:0000:00:02.0,decodes=io+mem,owns=io+mem,locks=none
[    0.489811] vgaarb: loaded
[    0.490390] vgaarb: bridge control possible 0000:00:02.0
[    0.491507] SCSI subsystem initialized
[    0.492330] ACPI: bus type USB registered
[    0.493107] usbcore: registered new interface driver usbfs
[    0.494377] usbcore: registered new interface driver hub
[    0.495334] usbcore: registered new device driver usb
[    0.496636] PCI: Using ACPI for IRQ routing
[    0.498698] NetLabel: Initializing
[    0.499383] NetLabel:  domain hash size = 128
[    0.500561] NetLabel:  protocols = UNLABELED CIPSOv4
[    0.501496] NetLabel:  unlabeled traffic allowed by default
[    0.502665] amd_nb: Cannot enumerate AMD northbridges
[    0.503620] clocksource: Switched to clocksource kvm-clock
[    0.510066] AppArmor: AppArmor Filesystem Enabled
[    0.511138] pnp: PnP ACPI init
[    0.512891] pnp: PnP ACPI: found 3 devices
[    0.521241] clocksource: acpi_pm: mask: 0xffffff max_cycles: 0xffffff, max_idle_ns: 2085701024 ns
[    0.522863] NET: Registered protocol family 2
[    0.523819] TCP established hash table entries: 8192 (order: 4, 65536 bytes)
[    0.525026] TCP bind hash table entries: 8192 (order: 5, 131072 bytes)
[    0.526149] TCP: Hash tables configured (established 8192 bind 8192)
[    0.527302] UDP hash table entries: 512 (order: 2, 16384 bytes)
[    0.528394] UDP-Lite hash table entries: 512 (order: 2, 16384 bytes)
[    0.529573] NET: Registered protocol family 1
[    0.530398] pci 0000:00:00.0: Limiting direct PCI/PCI transfers
[    0.531481] pci 0000:00:01.0: Activating ISA DMA hang workarounds
[    0.532697] Unpacking initramfs...
[    0.707432] Freeing initrd memory: 14884K
[    0.708874] clocksource: tsc: mask: 0xffffffffffffffff max_cycles: 0x255cb6cc5db, max_idle_ns: 440795203504 ns
[    0.711101] platform rtc_cmos: registered platform RTC device (no PNP device found)
[    0.712883] Scanning for low memory corruption every 60 seconds
[    0.714211] audit: initializing netlink subsys (disabled)
[    0.715201] audit: type=2000 audit(1592805284.737:1): initialized
[    0.716587] Initialise system trusted keyring
[    0.717928] HugeTLB registered 2 MB page size, pre-allocated 0 pages
[    0.719949] zbud: loaded
[    0.720735] VFS: Disk quotas dquot_6.6.0
[    0.721511] VFS: Dquot-cache hash table entries: 512 (order 0, 4096 bytes)
[    0.722849] squashfs: version 4.0 (2009/01/31) Phillip Lougher
[    0.724108] fuse init (API version 7.23)
[    0.724974] Key type big_key registered
[    0.725721] Allocating IMA MOK and blacklist keyrings.
[    0.727692] Key type asymmetric registered
[    0.728476] Asymmetric key parser 'x509' registered
[    0.729389] Block layer SCSI generic (bsg) driver version 0.4 loaded (major 249)
[    0.730804] io scheduler noop registered
[    0.731874] io scheduler deadline registered (default)
[    0.732926] io scheduler cfq registered
[    0.733732] pci_hotplug: PCI Hot Plug PCI Core version: 0.5
[    0.734726] pciehp: PCI Express Hot Plug Controller Driver version: 0.4
[    0.736156] ACPI: AC Adapter [AC] (off-line)
[    0.737000] input: Power Button as /devices/LNXSYSTM:00/LNXPWRBN:00/input/input0
[    0.738470] ACPI: Power Button [PWRF]
[    0.739263] input: Sleep Button as /devices/LNXSYSTM:00/LNXSLPBN:00/input/input1
[    0.741090] ACPI: Sleep Button [SLPF]
[    0.741975] GHES: HEST is not enabled!
[    0.742742] ACPI: Battery Slot [BAT0] (battery present)
[    0.743851] Serial: 8250/16550 driver, 32 ports, IRQ sharing enabled
[    0.765436] 00:02: ttyS0 at I/O 0x3f8 (irq = 4, base_baud = 115200) is a 16550A
[    0.769112] Linux agpgart interface v0.103
[    0.771146] loop: module loaded
[    0.772283] scsi host0: ata_piix
[    0.773083] scsi host1: ata_piix
[    0.773889] ata1: PATA max UDMA/33 cmd 0x1f0 ctl 0x3f6 bmdma 0xd000 irq 14
[    0.775176] ata2: PATA max UDMA/33 cmd 0x170 ctl 0x376 bmdma 0xd008 irq 15
[    0.776465] libphy: Fixed MDIO Bus: probed
[    0.777282] tun: Universal TUN/TAP device driver, 1.6
[    0.778214] tun: (C) 1999-2004 Max Krasnyansky <maxk@qualcomm.com>
[    0.779355] PPP generic driver version 2.4.2
[    0.780309] ehci_hcd: USB 2.0 'Enhanced' Host Controller (EHCI) Driver
[    0.781447] ehci-pci: EHCI PCI platform driver
[    0.782277] ehci-platform: EHCI generic platform driver
[    0.783219] ohci_hcd: USB 1.1 'Open' Host Controller (OHCI) Driver
[    0.784331] ohci-pci: OHCI PCI platform driver
[    0.785158] ohci-platform: OHCI generic platform driver
[    0.786182] uhci_hcd: USB Universal Host Controller Interface driver
[    0.787353] i8042: PNP: PS/2 Controller [PNP0303:PS2K,PNP0f03:PS2M] at 0x60,0x64 irq 1,12
[    0.789288] serio: i8042 KBD port at 0x60,0x64 irq 1
[    0.790193] serio: i8042 AUX port at 0x60,0x64 irq 12
[    0.791303] mousedev: PS/2 mouse device common for all mice
[    0.792566] input: AT Translated Set 2 keyboard as /devices/platform/i8042/serio0/input/input2
[    0.794642] rtc_cmos rtc_cmos: rtc core: registered rtc_cmos as rtc0
[    0.795785] rtc_cmos rtc_cmos: alarms up to one day, 114 bytes nvram
[    0.796886] i2c /dev entries driver
[    0.797597] device-mapper: uevent: version 1.0.3
[    0.798506] device-mapper: ioctl: 4.34.0-ioctl (2015-10-28) initialised: dm-devel@redhat.com
[    0.800060] ledtrig-cpu: registered to indicate activity on CPUs
[    0.801464] NET: Registered protocol family 10
[    0.802525] NET: Registered protocol family 17
[    0.803705] Key type dns_resolver registered
[    0.804812] registered taskstats version 1
[    0.805644] Loading compiled-in X.509 certificates
[    0.806935] Loaded X.509 cert 'Build time autogenerated kernel key: b6ae09eed57f82583ccd3c65c463e852cdd7a0b5'
[    0.808755] zswap: loaded using pool lzo/zbud
[    0.811012] Key type trusted registered
[    0.813964] Key type encrypted registered
[    0.814723] AppArmor: AppArmor sha1 policy hashing enabled
[    0.816046] ima: No TPM chip found, activating TPM-bypass!
[    0.817506] ima: Allocated hash algorithm: sha1
[    0.818543] evm: HMAC attrs: 0x1
[    0.819571]   Magic number: 8:73:922
[    0.820402] rtc_cmos rtc_cmos: setting system clock to 2020-06-22 05:54:39 UTC (1592805279)
[    0.822124] BIOS EDD facility v0.16 2004-Jun-25, 0 devices found
[    0.823502] EDD information not available.
[    0.955422] Freeing unused kernel memory: 1492K
[    0.956617] Write protecting the kernel read-only data: 14336k
[    0.958018] Freeing unused kernel memory: 1596K
[    0.958990] Freeing unused kernel memory: 60K
Loading, please wait...
starting version 229
[    0.969531] random: systemd-udevd: uninitialized urandom read (16 bytes read, 3 bits of entropy available)
[    0.970009] random: udevadm: uninitialized urandom read (16 bytes read, 3 bits of entropy available)
[    0.970022] random: udevadm: uninitialized urandom read (16 bytes read, 3 bits of entropy available)
[    0.974885] random: systemd-udevd: uninitialized urandom read (16 bytes read, 3 bits of entropy available)
[    0.975949] random: udevadm: uninitialized urandom read (16 bytes read, 3 bits of entropy available)
[    0.975981] random: udevadm: uninitialized urandom read (16 bytes read, 3 bits of entropy available)
[    0.976082] random: udevadm: uninitialized urandom read (16 bytes read, 3 bits of entropy available)
[    0.976158] random: udevadm: uninitialized urandom read (16 bytes read, 3 bits of entropy available)
[    0.976197] random: udevadm: uninitialized urandom read (16 bytes read, 3 bits of entropy available)
[    0.976235] random: udevadm: uninitialized urandom read (16 bytes read, 3 bits of entropy available)
[    1.011280] e1000: Intel(R) PRO/1000 Network Driver - version 7.3.21-k8-NAPI
[    1.013104] e1000: Copyright (c) 1999-2006 Intel Corporation.
[    1.016187] Fusion MPT base driver 3.04.20
[    1.016984] Copyright (c) 1999-2008 LSI Corporation
[    1.034572] AVX2 version of gcm_enc/dec engaged.
[    1.035739] AES CTR mode by8 optimization enabled
[    1.039938] Fusion MPT SPI Host driver 3.04.20
[    1.230667] input: ImExPS/2 Generic Explorer Mouse as /devices/platform/i8042/serio1/input/input4
[    1.402605] e1000 0000:00:03.0 eth0: (PCI:33MHz:32-bit) 02:da:92:60:70:7f
[    1.404787] e1000 0000:00:03.0 eth0: Intel(R) PRO/1000 Network Connection
[    1.407487] mptbase: ioc0: Initiating bringup
[    1.407843] e1000 0000:00:03.0 enp0s3: renamed from eth0
[    1.471869] ioc0: LSI53C1030 A0: Capabilities={Initiator}
[    1.634513] scsi host2: ioc0: LSI53C1030 A0, FwRev=00000000h, Ports=1, MaxQ=256, IRQ=20
[    1.749265] scsi 2:0:0:0: Direct-Access     VBOX     HARDDISK         1.0  PQ: 0 ANSI: 5
[    1.752509] scsi target2:0:0: Beginning Domain Validation
[    1.754874] scsi target2:0:0: Domain Validation skipping write tests
[    1.756527] scsi target2:0:0: Ending Domain Validation
[    1.757934] scsi target2:0:0: asynchronous
[    1.759454] scsi 2:0:1:0: Direct-Access     VBOX     HARDDISK         1.0  PQ: 0 ANSI: 5
[    1.761671] scsi target2:0:1: Beginning Domain Validation
[    1.763832] scsi target2:0:1: Domain Validation skipping write tests
[    1.765349] scsi target2:0:1: Ending Domain Validation
[    1.775481] scsi target2:0:1: asynchronous
[    1.782339] sd 2:0:0:0: [sda] 20971520 512-byte logical blocks: (10.7 GB/10.0 GiB)
[    1.782489] sd 2:0:0:0: Attached scsi generic sg0 type 0
[    1.784365] sd 2:0:1:0: Attached scsi generic sg1 type 0
[    1.784765] sd 2:0:1:0: [sdb] 20480 512-byte logical blocks: (10.5 MB/10.0 MiB)
[    1.784905] sd 2:0:1:0: [sdb] Write Protect is off
[    1.784984] sd 2:0:1:0: [sdb] Incomplete mode parameter data
[    1.784985] sd 2:0:1:0: [sdb] Assuming drive cache: write through
[    1.787480] sd 2:0:1:0: [sdb] Attached SCSI disk
[    1.793425] sd 2:0:0:0: [sda] Write Protect is off
[    1.794734] sd 2:0:0:0: [sda] Incomplete mode parameter data
[    1.796028] sd 2:0:0:0: [sda] Assuming drive cache: write through
[    1.798645]  sda: sda1
[    1.799970] sd 2:0:0:0: [sda] Attached SCSI disk
Begin: Loading essential drivers ... [    3.049927] md: linear personality registered for level -1
[    3.053904] md: multipath personality registered for level -4
[    3.057813] md: raid0 personality registered for level 0
[    3.062135] md: raid1 personality registered for level 1
[    3.134139] raid6: sse2x1   gen() 14467 MB/s
[    3.199835] raid6: sse2x1   xor() 10061 MB/s
[    3.268118] raid6: sse2x2   gen() 17271 MB/s
[    3.336691] raid6: sse2x2   xor() 11985 MB/s
[    3.408266] raid6: sse2x4   gen() 21345 MB/s
[    3.475880] raid6: sse2x4   xor() 12525 MB/s
[    3.546170] raid6: avx2x1   gen() 26344 MB/s
[    3.612080] raid6: avx2x2   gen() 31895 MB/s
[    3.679934] raid6: avx2x4   gen() 35947 MB/s
[    3.681163] raid6: using algorithm avx2x4 gen() 35947 MB/s
[    3.682721] raid6: using avx2x2 recovery algorithm
[    3.684706] xor: automatically using best checksumming function:
[    3.723878]    avx       : 35227.000 MB/sec
[    3.725929] async_tx: api initialized (async)
[    3.734965] md: raid6 personality registered for level 6
[    3.736295] md: raid5 personality registered for level 5
[    3.737265] md: raid4 personality registered for level 4
[    3.743154] md: raid10 personality registered for level 10
done.
Begin: Running /scripts/init-premount ... done.
Begin: Mounting root file system ... Begin: Running /scripts/local-top ... done.
Begin: Running /scripts/local-premount ... [    3.766845] Btrfs loaded
Scanning for Btrfs filesystems
done.
Warning: fsck not present, so skipping root file system
[    3.789002] EXT4-fs (sda1): INFO: recovery required on readonly filesystem
[    3.790603] EXT4-fs (sda1): write access will be enabled during recovery
[    3.841594] EXT4-fs (sda1): recovery complete
[    3.842631] EXT4-fs (sda1): mounted filesystem with ordered data mode. Opts: (null)
done.
Begin: Running /scripts/local-bottom ... done.
Begin: Running /scripts/init-bottom ... done.
[    3.923438] systemd[1]: systemd 229 running in system mode. (+PAM +AUDIT +SELINUX +IMA +APPARMOR +SMACK +SYSVINIT +UTMP +LIBCRYPTSETUP +GCRYPT +GNUTLS +ACL +XZ -LZ4 +SECCOMP +BLKID +ELFUTILS +KMOD -IDN)
[    3.926656] systemd[1]: Detected virtualization oracle.
[    3.927621] systemd[1]: Detected architecture x86-64.

Welcome to [1mUbuntu 16.04.6 LTS[0m!

[    3.931436] systemd[1]: Set hostname to <ubuntu-xenial>.
[    4.045482] systemd[1]: Listening on Device-mapper event daemon FIFOs.
[[0;32m  OK  [0m] Listening on Device-mapper event daemon FIFOs.
[    4.047785] systemd[1]: Listening on Journal Socket (/dev/log).
[[0;32m  OK  [0m] Listening on Journal Socket (/dev/log).
[    4.049719] systemd[1]: Listening on LVM2 metadata daemon socket.
[[0;32m  OK  [0m] Listening on LVM2 metadata daemon socket.
[    4.056490] systemd[1]: Created slice System Slice.
[[0;32m  OK  [0m] Created slice System Slice.
[    4.058685] systemd[1]: Reached target Encrypted Volumes.
[[0;32m  OK  [0m] Reached target Encrypted Volumes.
[    4.068391] systemd[1]: Listening on /dev/initctl Compatibility Named Pipe.
[[0;32m  OK  [0m] Listening on /dev/initctl Compatibility Named Pipe.
[    4.071032] systemd[1]: Reached target Swap.
[[0;32m  OK  [0m] Reached target Swap.
[    4.072618] systemd[1]: Started Forward Password Requests to Wall Directory Watch.
[[0;32m  OK  [0m] Started Forward Password Requests to Wall Directory Watch.
[    4.075277] systemd[1]: Listening on udev Control Socket.
[[0;32m  OK  [0m] Listening on udev Control Socket.
[    4.084153] systemd[1]: Listening on udev Kernel Socket.
[[0;32m  OK  [0m] Listening on udev Kernel Socket.
[    4.087233] systemd[1]: Listening on Journal Audit Socket.
[[0;32m  OK  [0m] Listening on Journal Audit Socket.
[    4.096271] systemd[1]: Reached target User and Group Name Lookups.
[[0;32m  OK  [0m] Reached target User and Group Name Lookups.
[    4.099359] systemd[1]: Created slice User and Session Slice.
[[0;32m  OK  [0m] Created slice User and Session Slice.
[    4.101724] systemd[1]: Set up automount Arbitrary Executable File Formats File System Automount Point.
[[0;32m  OK  [0m] Set up automount Arbitrary Executab...ats File System Automount Point.
[    4.112398] systemd[1]: Listening on Syslog Socket.
[[0;32m  OK  [0m] Listening on Syslog Socket.
[    4.115579] systemd[1]: Started Trigger resolvconf update for networkd DNS.
[[0;32m  OK  [0m] Started Trigger resolvconf update for networkd DNS.
[    4.124599] systemd[1]: Listening on Journal Socket.
[[0;32m  OK  [0m] Listening on Journal Socket.
[    4.140115] systemd[1]: Starting Load Kernel Modules...
         Starting Load Kernel Modules...
[    4.144027] systemd[1]: Mounting Debug File System...
         Mounting Debug File System...
[    4.148613] systemd[1]: Starting Set console keymap...
[    4.149945] Loading iSCSI transport class v2.0-870.
         Starting Set console keymap...
[    4.152282] systemd[1]: Starting Uncomplicated firewall...
         Starting Uncomplicated firewall...
[    4.156189] systemd[1]: Starting Remount Root and Kernel File Systems...
         Starting Remount Root and Kernel File Systems...
[    4.160028] systemd[1]: Mounting POSIX Message Queue File System...
         Mounting POSIX Message Queue File System...
[    4.163158] EXT4-fs (sda1): re-mounted. Opts: (null)
[    4.163364] systemd[1]: Mounting Huge Pages File System...
         Mounting Huge Pages File System...
[    4.167748] systemd[1]: Starting Create list of required static device nodes for the current kernel...
         Starting Create list of required st... nodes for the current kernel...
[    4.171538] systemd[1]: Starting Journal Service...
         Starting Journal Service...
[    4.175671] iscsi: registered transport (tcp)
[    4.176352] systemd[1]: Starting Monitoring of LVM2 mirrors, snapshots etc. using dmeventd or progress polling...
         Starting Monitoring of LVM2 mirrors... dmeventd or progress polling...
[    4.180298] systemd[1]: Created slice system-serial\x2dgetty.slice.
[[0;32m  OK  [0m] Created slice system-serial\x2dgetty.slice.
[    4.188779] systemd[1]: Starting Nameserver information manager...
         Starting Nameserver information manager...
[    4.190873] systemd[1]: Reached target Slices.
[[0;32m  OK  [0m] Reached target Slices.
[    4.192631] systemd[1]: Listening on LVM2 poll daemon socket.
[[0;32m  OK  [0m] Listening on LVM2 poll daemon socket.
[    4.196907] systemd[1]: Reached target System Time Synchronized.
[[0;32m  OK  [0m] Reached target System Time Synchronized.
[    4.200063] systemd[1]: Mounted Debug File System.
[[0;32m  OK  [0m] Mounted Debug File System.
[    4.201887] systemd[1]: Mounted POSIX Message Queue File System.
[[0;32m  OK  [0m] Mounted POSIX Message Queue File System.
[    4.204085] systemd[1]: Mounted Huge Pages File System.
[[0;32m  OK  [0m] Mounted Huge Pages File System.
[    4.206365] systemd[1]: Started Journal Service.
[[0;32m  OK  [0m] Started Journal Service.
[[0;32m  OK  [0m] Started Uncomplicated firewall.
[    4.221414] iscsi: registered transport (iser)
[[0;32m  OK  [0m] Started Load Kernel Modules.
[[0;32m  OK  [0m] Started Set console keymap.
[[0;32m  OK  [0m] Started Remount Root and Kernel File Systems.
[[0;32m  OK  [0m] Started Create list of required sta...ce nodes for the current kernel.
[[0;32m  OK  [0m] Started Nameserver information manager.
[[0;32m  OK  [0m] Started LVM2 metadata daemon.
         Starting Create Static Device Nodes in /dev...
         Starting Load/Save Random Seed...
         Starting udev Coldplug all Devices...
         Starting Apply Kernel Variables...
         Mounting FUSE Control File System...
         Starting Flush Journal to Persistent Storage...
[[0;32m  OK  [0m] Started Load/Save Random Seed.
[[0;32m  OK  [0m] Mounted FUSE Control File System.
[[0;32m  OK  [0m] Started Apply Kernel Variables.
[[0;32m  OK  [0m] Started Flush Journal to Persistent Storage.
[[0;32m  OK  [0m] Started Create Static Device Nodes in /dev.
         Starting udev Kernel Device Manager...
[[0;32m  OK  [0m] Started udev Coldplug all Devices.
[[0;32m  OK  [0m] Started udev Kernel Device Manager.
[[0;32m  OK  [0m] Started Dispatch Password Requests to Console Directory Watch.
[[0;32m  OK  [0m] Started Monitoring of LVM2 mirrors,...ng dmeventd or progress polling.
[[0;32m  OK  [0m] Reached target Local File Systems (Pre).
[[0;32m  OK  [0m] Reached target Local File Systems.
         Starting Initial cloud-init job (pre-networking)...
         Starting LSB: AppArmor initialization...
         Starting Create Volatile Files and Directories...
         Starting Set console font and keymap...
         Starting Tell Plymouth To Write Out Runtime Data...
[[0;32m  OK  [0m] Started Create Volatile Files and Directories.
         Starting Update UTMP about System Boot/Shutdown...
[[0;32m  OK  [0m] Started Tell Plymouth To Write Out Runtime Data.
[[0;32m  OK  [0m] Started Update UTMP about System Boot/Shutdown.
[[0;32m  OK  [0m] Started LSB: AppArmor initialization.
[[0;32m  OK  [0m] Found device /dev/ttyS0.
[[0;32m  OK  [0m] Found device 82540EM Gigabit Ethern...r (PRO/1000 MT Desktop Adapter).
[[0;32m  OK  [0m] Listening on Load/Save RF Kill Switch Status /dev/rfkill Watch.
[[0;32m  OK  [0m] Started Set console font and keymap.
[[0;32m  OK  [0m] Created slice system-getty.slice.
[    4.868111] cloud-init[478]: Cloud-init v. 19.4-33-gbb4131a2-0ubuntu1~16.04.1 running 'init-local' at Mon, 22 Jun 2020 05:54:43 +0000. Up 4.66 seconds.
[[0;32m  OK  [0m] Started Initial cloud-init job (pre-networking).
[[0;32m  OK  [0m] Reached target Network (Pre).
[[0;32m  OK  [0m] Started ifup for enp0s3.
         Starting Raise network interfaces...
[[0;32m  OK  [0m] Started Raise network interfaces.
[[0;32m  OK  [0m] Reached target Network.
         Starting Initial cloud-init job (metadata service crawler)...
[    5.434609] cloud-init[971]: Cloud-init v. 19.4-33-gbb4131a2-0ubuntu1~16.04.1 running 'init' at Mon, 22 Jun 2020 05:54:44 +0000. Up 5.25 seconds.
[    5.436225] cloud-init[971]: ci-info: ++++++++++++++++++++++++++++++++++++++Net device info++++++++++++++++++++++++++++++++++++++
[    5.438197] cloud-init[971]: ci-info: +--------+------+----------------------------+---------------+--------+-------------------+
[    5.440118] cloud-init[971]: ci-info: | Device |  Up  |          Address           |      Mask     | Scope  |     Hw-Address    |
[    5.442041] cloud-init[971]: ci-info: +--------+------+----------------------------+---------------+--------+-------------------+
[    5.444302] cloud-init[971]: ci-info: | enp0s3 | True |         10.0.2.15          | 255.255.255.0 | global | 02:da:92:60:70:7f |
[    5.452406] cloud-init[971]: ci-info: | enp0s3 | True | fe80::da:92ff:fe60:707f/64 |       .       |  link  | 02:da:92:60:70:7f |
[    5.460420] cloud-init[971]: ci-info: |   lo   | True |         127.0.0.1          |   255.0.0.0   |  host  |         .         |
[    5.468940] cloud-init[971]: ci-info: |   lo   | True |          ::1/128           |       .       |  host  |         .         |
[    5.477070] cloud-init[971]: ci-info: +--------+------+----------------------------+---------------+--------+-------------------+
[[0;32m  OK  [0m] Started Initial cloud-init job (metadata service crawler).
[[0;32m  OK  [0m] Reached target System Initialization.
[[0;32m  OK  [0m] Listening on ACPID Listen Socket.
[[0;32m  OK  [0m] Listening on D-Bus System Message Bus Socket.
[    5.488354] cloud-init[971]: ci-info: +++++++++++++++++++++++++++Route IPv4 info++++++++++++++++++++++++++++
[    5.550065] cloud-init[971]: ci-info: +-------+-------------+----------+---------------+-----------+-------+
[    5.794064] cloud-init[971]: ci-info: | Route | Destination | Gateway  |    Genmask    | Interface | Flags |
[[0;32m  OK  [0m] Started Message of the Day.
[[0;32m  OK  [0m] Started Daily apt download activities.
[[0;32m  OK  [0m] Started Daily apt upgrade and clean activities.
[[0;32m  OK  [0m] Listening on UUID daemon activation socket.
[    5.921527] cloud-init[971]: ci-info: +-------+-------------+----------+---------------+-----------+-------+
[    6.556907] cloud-init[971]: ci-info: |   0   |   0.0.0.0   | 10.0.2.2 |    0.0.0.0    |   enp0s3  |   UG  |
[    6.564710] cloud-init[971]: ci-info: |   1   |   10.0.2.0  | 0.0.0.0  | 255.255.255.0 |   enp0s3  |   U   |
[    7.196851] cloud-init[971]: ci-info: +-------+-------------+----------+---------------+-----------+-------+
         Starting LXD - unix socket.
         Starting Socket activation for snappy daemon.
[    7.230088] cloud-init[971]: ci-info: +++++++++++++++++++Route IPv6 info+++++++++++++++++++
[    7.445122] cloud-init[971]: ci-info: +-------+-------------+---------+-----------+-------+
[[0;32m  OK  [0m] Started ACPI Events Check.
[[0;32m  OK  [0m] Reached target Paths.
[[0;32m  OK  [0m] Started Daily Cleanup of Temporary Directories.
[    7.449772] cloud-init[971]: ci-info: | Route | Destination | Gateway | Interface | Flags |
[[0;32m  OK  [0m] Reached target Timers.
[[0;32m  OK  [0m] Reached target Cloud-config availability.
[    7.452119] cloud-init[971]: ci-info: +-------+-------------+---------+-----------+-------+
[    7.472828] [cloud-init[0;32m  OK  [0m[971]: ] ci-info: |   0   |  fe80::/64  |    ::   |   enp0s3  |   U   |Reached target Network is Online.

[    7.481092] cloud-init[971]: ci-info: |   3   |   ff00::/8  |    ::   |   enp0s3  |   U   |
[    7.488806]          cloud-initStarting iSCSI initiator daemon (iscsid)...[971]: 
ci-info: +-------+-------------+---------+-----------+-------+
[[0;32m  OK  [0m] Listening on LXD - unix socket.
[[0;32m  OK  [0m] Listening on Socket activation for snappy daemon.
[[0;32m  OK  [0m] Reached target Sockets.
[[0;32m  OK  [0m] Reached target Basic System.
         Starting LXD - container startup/shutdown...
[[0;32m  OK  [0m] Started ACPI event daemon.
         Starting /etc/rc.local Compatibility...
         Starting LSB: MD monitoring daemon...
         Starting Login Service...
         Starting Accounts Service...
         Starting Message of the Day...
[[0;32m  OK  [0m] Started D-Bus System Message Bus.
         Starting System Logging Service...
         Starting LSB: Record successful boot for GRUB...
[[0;32m  OK  [0m] Started FUSE filesystem for LXC.
         Starting Virtualbox guest utils...
[[0;32m  OK  [0m] Started Deferred execution scheduler.
         Starting OpenBSD Secure Shell server...
[[0;32m  OK  [0m] Started Regular background program processing daemon.
         Starting Snappy daemon...
[[0;32m  OK  [0m] Started iSCSI initiator daemon (iscsid).
[[0;32m  OK  [0m] Started /etc/rc.local Compatibility.
         Starting Authenticate and Authorize Users to Run Privileged Tasks...
         Starting Login to default iSCSI targets...
[[0;32m  OK  [0m] Started Login Service.
[[0;32m  OK  [0m] Started Unattended Upgrades Shutdown.
[[0;32m  OK  [0m] Started System Logging Service.
[[0;32m  OK  [0m] Started LSB: MD monitoring daemon.
[[0;32m  OK  [0m] Started Authenticate and Authorize Users to Run Privileged Tasks.
[[0;32m  OK  [0m] Started Accounts Service.
[[0;32m  OK  [0m] Started Login to default iSCSI targets.
[[0;32m  OK  [0m] Reached target Remote File Systems (Pre).
[[0;32m  OK  [0m] Reached target Remote File Systems.
         Starting LSB: daemon to balance interrupts for SMP systems...
         Starting Permit User Sessions...
         Starting LSB: Set the CPU Frequency Scaling governor to "ondemand"...
         Starting LSB: automatic crash report generation...
[[0;32m  OK  [0m] Started Permit User Sessions.
         Starting Terminate Plymouth Boot Screen...
         Starting Hold until boot process finishes up...
[[0;32m  OK  [0m] Started Hold until boot process finishes up.
[[0;32m  OK  [0m] Started LXD - container startup/shutdown.
[[0;32m  OK  [0m] Started Serial Getty on ttyS0.
[[0;32m  OK  [0m] Started Getty on tty1.
[[0;32m  OK  [0m] Reached target Login Prompts.
         Starting Set console scheme...
[[0;32m  OK  [0m] Started Terminate Plymouth Boot Screen.
[[0;32m  OK  [0m] Started Set console scheme.
[[0;32m  OK  [0m] Started LSB: Set the CPU Frequency Scaling governor to "ondemand".
[[0;32m  OK  [0m] Started OpenBSD Secure Shell server.
[[0;32m  OK  [0m] Started LSB: Record successful boot for GRUB.
[[0;32m  OK  [0m] Started LSB: daemon to balance interrupts for SMP systems.
[[0;32m  OK  [0m] Started LSB: automatic crash report generation.
[[0;32m  OK  [0m] Started Virtualbox guest utils.
[[0;32m  OK  [0m] Started Snappy daemon.
         Starting Wait until snapd is fully seeded...
[[0;32m  OK  [0m] Started Wait until snapd is fully seeded.
         Starting Apply the settings specified in cloud-config...
[[0;32m  OK  [0m] Reached target Multi-User System.
[[0;32m  OK  [0m] Reached target Graphical Interface.
         Starting Update UTMP about System Runlevel Changes...
[[0;32m  OK  [0m] Started Update UTMP about System Runlevel Changes.
[    8.151961] cloud-init[1254]: Cloud-init v. 19.4-33-gbb4131a2-0ubuntu1~16.04.1 running 'modules:config' at Mon, 22 Jun 2020 05:54:46 +0000. Up 8.09 seconds.
[[0;32m  OK  [0m] Started Apply the settings specified in cloud-config.
         Starting Execute cloud user/final scripts...
[    8.446155] cloud-init[1272]: Cloud-init v. 19.4-33-gbb4131a2-0ubuntu1~16.04.1 running 'modules:final' at Mon, 22 Jun 2020 05:54:47 +0000. Up 8.37 seconds.
[    8.449588] cloud-init[1272]: Cloud-init v. 19.4-33-gbb4131a2-0ubuntu1~16.04.1 finished at Mon, 22 Jun 2020 05:54:47 +0000. Datasource DataSourceNoCloud [seed=/dev/sdb][dsmode=net].  Up 8.44 seconds
[[0;32m  OK  [0m] Started Execute cloud user/final scripts.
[[0;32m  OK  [0m] Reached target Cloud-init target.
[[0;32m  OK  [0m] Started Message of the Day.

Ubuntu 16.04.6 LTS ubuntu-xenial ttyS0

ubuntu-xenial login: 